{"startTime":"2021-04-16T03:28:07.733Z","categoryName":"S-CLI","level":"INFO","data":["Start ..."]},
{"startTime":"2021-04-16T03:28:07.737Z","categoryName":"S-CLI","level":"INFO","data":["It is detected that your project has the following project/projects < function-test > to be execute"]},
{"startTime":"2021-04-16T03:28:07.739Z","categoryName":"S-CLI","level":"INFO","data":["Start executing project function-test"]},
{"startTime":"2021-04-16T03:28:07.752Z","categoryName":"default","level":"DEBUG","data":["URL: https://api.github.com/repos/devscomp/scf/releases/latest"]},
{"startTime":"2021-04-16T03:28:10.971Z","categoryName":"S-CLI","level":"ERROR","data":[]},
{"startTime":"2021-04-16T03:28:10.973Z","categoryName":"S-CLI","level":"ERROR","data":["Project function-test failed to execute"]},
{"startTime":"2021-04-16T03:34:54.870Z","categoryName":"S-CLI","level":"INFO","data":["Start ..."]},
{"startTime":"2021-04-16T03:34:54.874Z","categoryName":"S-CLI","level":"INFO","data":["It is detected that your project has the following project/projects < function-test > to be execute"]},
{"startTime":"2021-04-16T03:34:54.875Z","categoryName":"S-CLI","level":"INFO","data":["Start executing project function-test"]},
{"startTime":"2021-04-16T03:34:54.887Z","categoryName":"default","level":"DEBUG","data":["URL: https://api.github.com/repos/devscomp/scf/releases/latest"]},
{"startTime":"2021-04-16T03:34:55.542Z","categoryName":"default","level":"DEBUG","data":["start downloading https://api.github.com/repos/devscomp/scf/zipball/0.0.20"]},
{"startTime":"2021-04-16T03:35:16.442Z","categoryName":"S-CLI","level":"INFO","data":["Project function-test successfully to execute \n\t"]},
{"startTime":"2021-04-16T03:40:25.798Z","categoryName":"S-CLI","level":"INFO","data":["Initializing......"]},
{"startTime":"2021-04-16T03:40:25.804Z","categoryName":"default","level":"DEBUG","data":["start downloading https://download.registry.serverlessfans.cn/init/tencent-node.js12.16-http"]},
{"startTime":"2021-04-16T03:40:27.060Z","categoryName":"S-CLI","level":"ERROR","data":["ENOENT: no such file or directory, stat '/var/folders/gq/ct3sdq6j1h1_khsvvgsrm4h00000gp/T/qb85zbnjfvhodgviyml7db/tencent-node.js12.16-http/src'"]},
{"startTime":"2021-04-16T03:43:22.454Z","categoryName":"S-CLI","level":"INFO","data":["Initializing......"]},
{"startTime":"2021-04-16T03:43:22.461Z","categoryName":"default","level":"DEBUG","data":["start downloading https://download.registry.serverlessfans.cn/init/component"]},
{"startTime":"2021-04-16T03:43:23.921Z","categoryName":"S-CLI","level":"ERROR","data":["ENOENT: no such file or directory, stat '/var/folders/gq/ct3sdq6j1h1_khsvvgsrm4h00000gp/T/d5p54ghs2ud830oax1egu/component/src'"]},
{"startTime":"2021-04-16T03:43:31.978Z","categoryName":"S-CLI","level":"INFO","data":["Initializing......"]},
{"startTime":"2021-04-16T03:43:31.984Z","categoryName":"default","level":"DEBUG","data":["start downloading https://download.registry.serverlessfans.cn/init/alibaba-node.js12-http"]},
{"startTime":"2021-04-16T03:45:56.132Z","categoryName":"S-CLI","level":"INFO","data":["Initializing......"]},
{"startTime":"2021-04-16T03:45:56.138Z","categoryName":"default","level":"DEBUG","data":["start downloading https://download.registry.serverlessfans.cn/init/tencent-node.js12.16-http"]},
